[debug] [2021-12-08T16:56:16.122Z] ----------------------------------------------------------------------
[debug] [2021-12-08T16:56:16.126Z] Command:       /home/fathi/.nvm/versions/node/v16.13.0/bin/node /home/fathi/.nvm/versions/node/v16.13.0/bin/firebase emulators:start --only functions
[debug] [2021-12-08T16:56:16.127Z] CLI Version:   9.23.0
[debug] [2021-12-08T16:56:16.127Z] Platform:      linux
[debug] [2021-12-08T16:56:16.127Z] Node Version:  v16.13.0
[debug] [2021-12-08T16:56:16.128Z] Time:          Wed Dec 08 2021 17:56:16 GMT+0100 (Central European Standard Time)
[debug] [2021-12-08T16:56:16.128Z] ----------------------------------------------------------------------
[debug] 
[debug] [2021-12-08T16:56:16.265Z] > command requires scopes: ["email","openid","https://www.googleapis.com/auth/cloudplatformprojects.readonly","https://www.googleapis.com/auth/firebase","https://www.googleapis.com/auth/cloud-platform"]
[debug] [2021-12-08T16:56:16.266Z] > authorizing via signed-in user (fethibensari@gmail.com)
[info] i  emulators: Starting emulators: functions {"metadata":{"emulator":{"name":"hub"},"message":"Starting emulators: functions"}}
[debug] [2021-12-08T16:56:16.305Z] [hub] writing locator at /tmp/hub-mealstogo-78c2c.json
[warn] ⚠  functions: The following emulators are not running, calls to these services from the Functions emulator will affect production: auth, firestore, database, hosting, pubsub, storage {"metadata":{"emulator":{"name":"functions"},"message":"The following emulators are not running, calls to these services from the Functions emulator will affect production: \u001b[1mauth, firestore, database, hosting, pubsub, storage\u001b[22m"}}
[info] ✔  functions: Using node@16 from host. {"metadata":{"emulator":{"name":"functions"},"message":"Using node@16 from host."}}
[debug] [2021-12-08T16:56:16.378Z] defaultcredentials: writing to file /home/fathi/.config/firebase/fethibensari_gmail_com_application_default_credentials.json
[debug] [2021-12-08T16:56:16.385Z] Setting GAC to /home/fathi/.config/firebase/fethibensari_gmail_com_application_default_credentials.json {"metadata":{"emulator":{"name":"functions"},"message":"Setting GAC to /home/fathi/.config/firebase/fethibensari_gmail_com_application_default_credentials.json"}}
[debug] [2021-12-08T16:56:16.390Z] >>> [apiv2][query] GET https://firebase.googleapis.com/v1beta1/projects/mealstogo-78c2c/adminSdkConfig [none]
[debug] [2021-12-08T16:56:16.937Z] <<< [apiv2][status] GET https://firebase.googleapis.com/v1beta1/projects/mealstogo-78c2c/adminSdkConfig 200
[debug] [2021-12-08T16:56:16.937Z] <<< [apiv2][body] GET https://firebase.googleapis.com/v1beta1/projects/mealstogo-78c2c/adminSdkConfig {"projectId":"mealstogo-78c2c","storageBucket":"mealstogo-78c2c.appspot.com"}
[debug] [2021-12-08T16:56:17.353Z] Ignoring unsupported arg: auto_download {"metadata":{"emulator":{"name":"ui"},"message":"Ignoring unsupported arg: auto_download"}}
[debug] [2021-12-08T16:56:17.354Z] Ignoring unsupported arg: port {"metadata":{"emulator":{"name":"ui"},"message":"Ignoring unsupported arg: port"}}
[debug] [2021-12-08T16:56:17.354Z] Starting Emulator UI with command {"binary":"node","args":["/home/fathi/.cache/firebase/emulators/ui-v1.6.4/server.bundle.js"],"optionalArgs":[],"joinArgs":false} {"metadata":{"emulator":{"name":"ui"},"message":"Starting Emulator UI with command {\"binary\":\"node\",\"args\":[\"/home/fathi/.cache/firebase/emulators/ui-v1.6.4/server.bundle.js\"],\"optionalArgs\":[],\"joinArgs\":false}"}}
[info] i  ui: Emulator UI logging to ui-debug.log {"metadata":{"emulator":{"name":"ui"},"message":"Emulator UI logging to \u001b[1mui-debug.log\u001b[22m"}}
[debug] [2021-12-08T16:56:17.521Z] Web / API server started at localhost:4000
 {"metadata":{"emulator":{"name":"ui"},"message":"Web / API server started at localhost:4000\n"}}
[info] i  functions: Watching "/home/fathi/MealsToGo/functions" for Cloud Functions... {"metadata":{"emulator":{"name":"functions"},"message":"Watching \"/home/fathi/MealsToGo/functions\" for Cloud Functions..."}}
[debug] [2021-12-08T16:56:17.655Z] [worker-pool] addWorker(~diagnostic~) {"metadata":{"emulator":{"name":"functions"},"message":"[worker-pool] addWorker(~diagnostic~)"}}
[debug] [2021-12-08T16:56:17.655Z] [worker-pool] Adding worker with key ~diagnostic~, total=1 {"metadata":{"emulator":{"name":"functions"},"message":"[worker-pool] Adding worker with key ~diagnostic~, total=1"}}
[debug] [2021-12-08T16:56:17.655Z] [worker-pool] submitWork(triggerId=) {"metadata":{"emulator":{"name":"functions"},"message":"[worker-pool] submitWork(triggerId=)"}}
[debug] [2021-12-08T16:56:17.656Z] [worker-~diagnostic~-4f89353f-3e28-44e3-8027-efcbe0159b82]: Assigning socketPath: /tmp/fire_emu_12039.sock {"metadata":{"emulator":{"name":"functions"},"message":"[worker-~diagnostic~-4f89353f-3e28-44e3-8027-efcbe0159b82]: Assigning socketPath: /tmp/fire_emu_12039.sock"}}
[debug] [2021-12-08T16:56:17.657Z] [worker-~diagnostic~-4f89353f-3e28-44e3-8027-efcbe0159b82]: BUSY {"metadata":{"emulator":{"name":"functions"},"message":"[worker-~diagnostic~-4f89353f-3e28-44e3-8027-efcbe0159b82]: BUSY"}}
[debug] [2021-12-08T16:56:17.882Z] [runtime-status] [12039] Functions runtime initialized. {"cwd":"/home/fathi/MealsToGo/functions","node_version":"16.13.0"} {"metadata":{"emulator":{"name":"functions"},"message":"[runtime-status] [12039] Functions runtime initialized. {\"cwd\":\"/home/fathi/MealsToGo/functions\",\"node_version\":\"16.13.0\"}"}}
[debug] [2021-12-08T16:56:17.885Z] [runtime-status] [12039] Disabled runtime features: undefined {"metadata":{"emulator":{"name":"functions"},"message":"[runtime-status] [12039] Disabled runtime features: undefined"}}
[debug] [2021-12-08T16:56:17.888Z] [runtime-status] [12039] Resolved module firebase-admin {"declared":true,"installed":true,"version":"9.12.0","resolution":"/home/fathi/MealsToGo/functions/node_modules/firebase-admin/lib/index.js"} {"metadata":{"emulator":{"name":"functions"},"message":"[runtime-status] [12039] Resolved module firebase-admin {\"declared\":true,\"installed\":true,\"version\":\"9.12.0\",\"resolution\":\"/home/fathi/MealsToGo/functions/node_modules/firebase-admin/lib/index.js\"}"}}
[debug] [2021-12-08T16:56:17.895Z] [runtime-status] [12039] Resolved module firebase-functions {"declared":true,"installed":true,"version":"3.16.0","resolution":"/home/fathi/MealsToGo/functions/node_modules/firebase-functions/lib/index.js"} {"metadata":{"emulator":{"name":"functions"},"message":"[runtime-status] [12039] Resolved module firebase-functions {\"declared\":true,\"installed\":true,\"version\":\"3.16.0\",\"resolution\":\"/home/fathi/MealsToGo/functions/node_modules/firebase-functions/lib/index.js\"}"}}
[debug] [2021-12-08T16:56:17.899Z] [runtime-status] [12039] Outgoing network have been stubbed. [{"name":"http","status":"mocked"},{"name":"http","status":"mocked"},{"name":"https","status":"mocked"},{"name":"https","status":"mocked"},{"name":"net","status":"mocked"}] {"metadata":{"emulator":{"name":"functions"},"message":"[runtime-status] [12039] Outgoing network have been stubbed. [{\"name\":\"http\",\"status\":\"mocked\"},{\"name\":\"http\",\"status\":\"mocked\"},{\"name\":\"https\",\"status\":\"mocked\"},{\"name\":\"https\",\"status\":\"mocked\"},{\"name\":\"net\",\"status\":\"mocked\"}]"}}
[debug] [2021-12-08T16:56:17.902Z] [runtime-status] [12039] Resolved module firebase-functions {"declared":true,"installed":true,"version":"3.16.0","resolution":"/home/fathi/MealsToGo/functions/node_modules/firebase-functions/lib/index.js"} {"metadata":{"emulator":{"name":"functions"},"message":"[runtime-status] [12039] Resolved module firebase-functions {\"declared\":true,\"installed\":true,\"version\":\"3.16.0\",\"resolution\":\"/home/fathi/MealsToGo/functions/node_modules/firebase-functions/lib/index.js\"}"}}
[debug] [2021-12-08T16:56:17.962Z] [runtime-status] [12039] Checked functions.config() {"config":{}} {"metadata":{"emulator":{"name":"functions"},"message":"[runtime-status] [12039] Checked functions.config() {\"config\":{}}"}}
[debug] [2021-12-08T16:56:17.962Z] [runtime-status] [12039] firebase-functions has been stubbed. {"functionsResolution":{"declared":true,"installed":true,"version":"3.16.0","resolution":"/home/fathi/MealsToGo/functions/node_modules/firebase-functions/lib/index.js"}} {"metadata":{"emulator":{"name":"functions"},"message":"[runtime-status] [12039] firebase-functions has been stubbed. {\"functionsResolution\":{\"declared\":true,\"installed\":true,\"version\":\"3.16.0\",\"resolution\":\"/home/fathi/MealsToGo/functions/node_modules/firebase-functions/lib/index.js\"}}"}}
[debug] [2021-12-08T16:56:17.967Z] [runtime-status] [12039] Resolved module firebase-functions {"declared":true,"installed":true,"version":"3.16.0","resolution":"/home/fathi/MealsToGo/functions/node_modules/firebase-functions/lib/index.js"} {"metadata":{"emulator":{"name":"functions"},"message":"[runtime-status] [12039] Resolved module firebase-functions {\"declared\":true,\"installed\":true,\"version\":\"3.16.0\",\"resolution\":\"/home/fathi/MealsToGo/functions/node_modules/firebase-functions/lib/index.js\"}"}}
[debug] [2021-12-08T16:56:17.969Z] [runtime-status] [12039] Resolved module firebase-admin {"declared":true,"installed":true,"version":"9.12.0","resolution":"/home/fathi/MealsToGo/functions/node_modules/firebase-admin/lib/index.js"} {"metadata":{"emulator":{"name":"functions"},"message":"[runtime-status] [12039] Resolved module firebase-admin {\"declared\":true,\"installed\":true,\"version\":\"9.12.0\",\"resolution\":\"/home/fathi/MealsToGo/functions/node_modules/firebase-admin/lib/index.js\"}"}}
[debug] [2021-12-08T16:56:17.971Z] [runtime-status] [12039] Resolved module firebase-functions {"declared":true,"installed":true,"version":"3.16.0","resolution":"/home/fathi/MealsToGo/functions/node_modules/firebase-functions/lib/index.js"} {"metadata":{"emulator":{"name":"functions"},"message":"[runtime-status] [12039] Resolved module firebase-functions {\"declared\":true,\"installed\":true,\"version\":\"3.16.0\",\"resolution\":\"/home/fathi/MealsToGo/functions/node_modules/firebase-functions/lib/index.js\"}"}}
[debug] [2021-12-08T16:56:17.972Z] [runtime-status] [12039] firebase-admin has been stubbed. {"adminResolution":{"declared":true,"installed":true,"version":"9.12.0","resolution":"/home/fathi/MealsToGo/functions/node_modules/firebase-admin/lib/index.js"}} {"metadata":{"emulator":{"name":"functions"},"message":"[runtime-status] [12039] firebase-admin has been stubbed. {\"adminResolution\":{\"declared\":true,\"installed\":true,\"version\":\"9.12.0\",\"resolution\":\"/home/fathi/MealsToGo/functions/node_modules/firebase-admin/lib/index.js\"}}"}}
[info] ✔  functions[us-central1-geocode]: http function initialized (http://0.0.0.0:5001/mealstogo-78c2c/us-central1/geocode). {"metadata":{"emulator":{"name":"functions"},"message":"\u001b[1mhttp\u001b[22m function initialized (http://0.0.0.0:5001/mealstogo-78c2c/us-central1/geocode)."}}
[info] ✔  functions[us-central1-places]: http function initialized (http://0.0.0.0:5001/mealstogo-78c2c/us-central1/places). {"metadata":{"emulator":{"name":"functions"},"message":"\u001b[1mhttp\u001b[22m function initialized (http://0.0.0.0:5001/mealstogo-78c2c/us-central1/places)."}}
[info] 
┌─────────────────────────────────────────────────────────────┐
│ ✔  All emulators ready! It is now safe to connect your app. │
│ i  View Emulator UI at http://localhost:4000                │
└─────────────────────────────────────────────────────────────┘

┌───────────┬──────────────┬─────────────────────────────────┐
│ Emulator  │ Host:Port    │ View in Emulator UI             │
├───────────┼──────────────┼─────────────────────────────────┤
│ Functions │ 0.0.0.0:5001 │ http://localhost:4000/functions │
└───────────┴──────────────┴─────────────────────────────────┘
  Emulator Hub running at localhost:4400
  Other reserved ports: 4500

Issues? Report them at https://github.com/firebase/firebase-tools/issues and attach the *-debug.log files.
 
[debug] [2021-12-08T16:56:17.994Z] [worker-~diagnostic~-4f89353f-3e28-44e3-8027-efcbe0159b82]: IDLE {"metadata":{"emulator":{"name":"functions"},"message":"[worker-~diagnostic~-4f89353f-3e28-44e3-8027-efcbe0159b82]: IDLE"}}
[debug] [2021-12-08T16:57:27.763Z] [work-queue] {"queueLength":1,"workRunningCount":0}
[debug] [2021-12-08T16:57:27.764Z] [work-queue] {"queueLength":0,"workRunningCount":1}
[debug] [2021-12-08T16:57:27.765Z] Accepted request GET /mealstogo-78c2c/us-central1/geocode?city=san%20francisco --> us-central1-geocode
[debug] [2021-12-08T16:57:27.774Z] [worker-pool] addWorker(us-central1-geocode) {"metadata":{"emulator":{"name":"functions"},"message":"[worker-pool] addWorker(us-central1-geocode)"}}
[debug] [2021-12-08T16:57:27.775Z] [worker-pool] Adding worker with key us-central1-geocode, total=1 {"metadata":{"emulator":{"name":"functions"},"message":"[worker-pool] Adding worker with key us-central1-geocode, total=1"}}
[debug] [2021-12-08T16:57:27.775Z] [worker-pool] submitWork(triggerId=us-central1-geocode) {"metadata":{"emulator":{"name":"functions"},"message":"[worker-pool] submitWork(triggerId=us-central1-geocode)"}}
[debug] [2021-12-08T16:57:27.775Z] [worker-us-central1-geocode-88abf33d-ec8a-4511-9e83-5f35d471b39e]: Assigning socketPath: /tmp/fire_emu_12084.sock {"metadata":{"emulator":{"name":"functions"},"message":"[worker-us-central1-geocode-88abf33d-ec8a-4511-9e83-5f35d471b39e]: Assigning socketPath: /tmp/fire_emu_12084.sock"}}
[debug] [2021-12-08T16:57:27.776Z] [worker-us-central1-geocode-88abf33d-ec8a-4511-9e83-5f35d471b39e]: BUSY {"metadata":{"emulator":{"name":"functions"},"message":"[worker-us-central1-geocode-88abf33d-ec8a-4511-9e83-5f35d471b39e]: BUSY"}}
[debug] [2021-12-08T16:57:28.007Z] [runtime-status] [12084] Functions runtime initialized. {"cwd":"/home/fathi/MealsToGo/functions","node_version":"16.13.0"} {"metadata":{"emulator":{"name":"functions"},"function":{"name":"us-central1-geocode"},"message":"[runtime-status] [12084] Functions runtime initialized. {\"cwd\":\"/home/fathi/MealsToGo/functions\",\"node_version\":\"16.13.0\"}"}}
[debug] [2021-12-08T16:57:28.011Z] [runtime-status] [12084] Disabled runtime features: undefined {"metadata":{"emulator":{"name":"functions"},"function":{"name":"us-central1-geocode"},"message":"[runtime-status] [12084] Disabled runtime features: undefined"}}
[debug] [2021-12-08T16:57:28.015Z] [runtime-status] [12084] Resolved module firebase-admin {"declared":true,"installed":true,"version":"9.12.0","resolution":"/home/fathi/MealsToGo/functions/node_modules/firebase-admin/lib/index.js"} {"metadata":{"emulator":{"name":"functions"},"function":{"name":"us-central1-geocode"},"message":"[runtime-status] [12084] Resolved module firebase-admin {\"declared\":true,\"installed\":true,\"version\":\"9.12.0\",\"resolution\":\"/home/fathi/MealsToGo/functions/node_modules/firebase-admin/lib/index.js\"}"}}
[debug] [2021-12-08T16:57:28.021Z] [runtime-status] [12084] Resolved module firebase-functions {"declared":true,"installed":true,"version":"3.16.0","resolution":"/home/fathi/MealsToGo/functions/node_modules/firebase-functions/lib/index.js"} {"metadata":{"emulator":{"name":"functions"},"function":{"name":"us-central1-geocode"},"message":"[runtime-status] [12084] Resolved module firebase-functions {\"declared\":true,\"installed\":true,\"version\":\"3.16.0\",\"resolution\":\"/home/fathi/MealsToGo/functions/node_modules/firebase-functions/lib/index.js\"}"}}
[debug] [2021-12-08T16:57:28.025Z] [runtime-status] [12084] Outgoing network have been stubbed. [{"name":"http","status":"mocked"},{"name":"http","status":"mocked"},{"name":"https","status":"mocked"},{"name":"https","status":"mocked"},{"name":"net","status":"mocked"}] {"metadata":{"emulator":{"name":"functions"},"function":{"name":"us-central1-geocode"},"message":"[runtime-status] [12084] Outgoing network have been stubbed. [{\"name\":\"http\",\"status\":\"mocked\"},{\"name\":\"http\",\"status\":\"mocked\"},{\"name\":\"https\",\"status\":\"mocked\"},{\"name\":\"https\",\"status\":\"mocked\"},{\"name\":\"net\",\"status\":\"mocked\"}]"}}
[debug] [2021-12-08T16:57:28.030Z] [runtime-status] [12084] Resolved module firebase-functions {"declared":true,"installed":true,"version":"3.16.0","resolution":"/home/fathi/MealsToGo/functions/node_modules/firebase-functions/lib/index.js"} {"metadata":{"emulator":{"name":"functions"},"function":{"name":"us-central1-geocode"},"message":"[runtime-status] [12084] Resolved module firebase-functions {\"declared\":true,\"installed\":true,\"version\":\"3.16.0\",\"resolution\":\"/home/fathi/MealsToGo/functions/node_modules/firebase-functions/lib/index.js\"}"}}
[debug] [2021-12-08T16:57:28.089Z] [runtime-status] [12084] Checked functions.config() {"config":{}} {"metadata":{"emulator":{"name":"functions"},"function":{"name":"us-central1-geocode"},"message":"[runtime-status] [12084] Checked functions.config() {\"config\":{}}"}}
[debug] [2021-12-08T16:57:28.090Z] [runtime-status] [12084] firebase-functions has been stubbed. {"functionsResolution":{"declared":true,"installed":true,"version":"3.16.0","resolution":"/home/fathi/MealsToGo/functions/node_modules/firebase-functions/lib/index.js"}} {"metadata":{"emulator":{"name":"functions"},"function":{"name":"us-central1-geocode"},"message":"[runtime-status] [12084] firebase-functions has been stubbed. {\"functionsResolution\":{\"declared\":true,\"installed\":true,\"version\":\"3.16.0\",\"resolution\":\"/home/fathi/MealsToGo/functions/node_modules/firebase-functions/lib/index.js\"}}"}}
[debug] [2021-12-08T16:57:28.093Z] [runtime-status] [12084] Resolved module firebase-functions {"declared":true,"installed":true,"version":"3.16.0","resolution":"/home/fathi/MealsToGo/functions/node_modules/firebase-functions/lib/index.js"} {"metadata":{"emulator":{"name":"functions"},"function":{"name":"us-central1-geocode"},"message":"[runtime-status] [12084] Resolved module firebase-functions {\"declared\":true,\"installed\":true,\"version\":\"3.16.0\",\"resolution\":\"/home/fathi/MealsToGo/functions/node_modules/firebase-functions/lib/index.js\"}"}}
[debug] [2021-12-08T16:57:28.096Z] [runtime-status] [12084] Resolved module firebase-admin {"declared":true,"installed":true,"version":"9.12.0","resolution":"/home/fathi/MealsToGo/functions/node_modules/firebase-admin/lib/index.js"} {"metadata":{"emulator":{"name":"functions"},"function":{"name":"us-central1-geocode"},"message":"[runtime-status] [12084] Resolved module firebase-admin {\"declared\":true,\"installed\":true,\"version\":\"9.12.0\",\"resolution\":\"/home/fathi/MealsToGo/functions/node_modules/firebase-admin/lib/index.js\"}"}}
[debug] [2021-12-08T16:57:28.098Z] [runtime-status] [12084] Resolved module firebase-functions {"declared":true,"installed":true,"version":"3.16.0","resolution":"/home/fathi/MealsToGo/functions/node_modules/firebase-functions/lib/index.js"} {"metadata":{"emulator":{"name":"functions"},"function":{"name":"us-central1-geocode"},"message":"[runtime-status] [12084] Resolved module firebase-functions {\"declared\":true,\"installed\":true,\"version\":\"3.16.0\",\"resolution\":\"/home/fathi/MealsToGo/functions/node_modules/firebase-functions/lib/index.js\"}"}}
[debug] [2021-12-08T16:57:28.098Z] [runtime-status] [12084] firebase-admin has been stubbed. {"adminResolution":{"declared":true,"installed":true,"version":"9.12.0","resolution":"/home/fathi/MealsToGo/functions/node_modules/firebase-admin/lib/index.js"}} {"metadata":{"emulator":{"name":"functions"},"function":{"name":"us-central1-geocode"},"message":"[runtime-status] [12084] firebase-admin has been stubbed. {\"adminResolution\":{\"declared\":true,\"installed\":true,\"version\":\"9.12.0\",\"resolution\":\"/home/fathi/MealsToGo/functions/node_modules/firebase-admin/lib/index.js\"}}"}}
[debug] [2021-12-08T16:57:28.117Z] [runtime-status] [12084] Trigger "us-central1-geocode" has been found, beginning invocation! {"metadata":{"emulator":{"name":"functions"},"function":{"name":"us-central1-geocode"},"message":"[runtime-status] [12084] Trigger \"us-central1-geocode\" has been found, beginning invocation!"}}
[info] i  functions: Beginning execution of "us-central1-geocode" {"metadata":{"emulator":{"name":"functions"},"function":{"name":"us-central1-geocode"},"message":"Beginning execution of \"us-central1-geocode\""}}
[debug] [2021-12-08T16:57:28.120Z] [runtime-status] [12084] triggerDefinition {"httpsTrigger":{},"name":"geocode","entryPoint":"geocode","regions":["us-central1"],"region":"us-central1","id":"us-central1-geocode"} {"metadata":{"emulator":{"name":"functions"},"function":{"name":"us-central1-geocode"},"message":"[runtime-status] [12084] triggerDefinition {\"httpsTrigger\":{},\"name\":\"geocode\",\"entryPoint\":\"geocode\",\"regions\":[\"us-central1\"],\"region\":\"us-central1\",\"id\":\"us-central1-geocode\"}"}}
[debug] [2021-12-08T16:57:28.121Z] [runtime-status] [12084] Running us-central1-geocode in signature http {"metadata":{"emulator":{"name":"functions"},"function":{"name":"us-central1-geocode"},"message":"[runtime-status] [12084] Running us-central1-geocode in signature http"}}
[debug] [2021-12-08T16:57:28.130Z] [runtime-status] [12084] Attempting to listen to socketPath: /tmp/fire_emu_12084.sock {"metadata":{"emulator":{"name":"functions"},"function":{"name":"us-central1-geocode"},"message":"[runtime-status] [12084] Attempting to listen to socketPath: /tmp/fire_emu_12084.sock"}}
[debug] [2021-12-08T16:57:28.142Z] [functions] Runtime ready! Sending request! {"metadata":{"emulator":{"name":"functions"},"message":"[functions] Runtime ready! Sending request!"}}
[debug] [2021-12-08T16:57:28.147Z] [functions] Got req.url=/mealstogo-78c2c/us-central1/geocode?city=san%20francisco, mapping to path=/?city=san%20francisco {"metadata":{"emulator":{"name":"functions"},"message":"[functions] Got req.url=/mealstogo-78c2c/us-central1/geocode?city=san%20francisco, mapping to path=/?city=san%20francisco"}}
[debug] [2021-12-08T16:57:28.171Z] [runtime-status] [12084] Ephemeral server handling GET request {"metadata":{"emulator":{"name":"functions"},"function":{"name":"us-central1-geocode"},"message":"[runtime-status] [12084] Ephemeral server handling GET request"}}
[debug] [2021-12-08T16:57:28.186Z] [runtime-status] [12084] Ephemeral server survived. {"metadata":{"emulator":{"name":"functions"},"function":{"name":"us-central1-geocode"},"message":"[runtime-status] [12084] Ephemeral server survived."}}
[info] i  functions: Finished "us-central1-geocode" in ~1s {"metadata":{"emulator":{"name":"functions"},"function":{"name":"us-central1-geocode"},"message":"Finished \"us-central1-geocode\" in ~1s"}}
[debug] [2021-12-08T16:57:28.191Z] [worker-us-central1-geocode-88abf33d-ec8a-4511-9e83-5f35d471b39e]: IDLE {"metadata":{"emulator":{"name":"functions"},"message":"[worker-us-central1-geocode-88abf33d-ec8a-4511-9e83-5f35d471b39e]: IDLE"}}
[debug] [2021-12-08T16:57:28.192Z] [work-queue] {"queueLength":0,"workRunningCount":0}
[debug] [2021-12-08T16:57:28.377Z] [work-queue] {"queueLength":1,"workRunningCount":0}
[debug] [2021-12-08T16:57:28.378Z] [work-queue] {"queueLength":0,"workRunningCount":1}
[debug] [2021-12-08T16:57:28.379Z] Accepted request GET /mealstogo-78c2c/us-central1/places?location=37.7749295,-122.4194155 --> us-central1-places
[debug] [2021-12-08T16:57:28.392Z] [worker-pool] addWorker(us-central1-places) {"metadata":{"emulator":{"name":"functions"},"message":"[worker-pool] addWorker(us-central1-places)"}}
[debug] [2021-12-08T16:57:28.392Z] [worker-pool] Adding worker with key us-central1-places, total=1 {"metadata":{"emulator":{"name":"functions"},"message":"[worker-pool] Adding worker with key us-central1-places, total=1"}}
[debug] [2021-12-08T16:57:28.393Z] [worker-pool] submitWork(triggerId=us-central1-places) {"metadata":{"emulator":{"name":"functions"},"message":"[worker-pool] submitWork(triggerId=us-central1-places)"}}
[debug] [2021-12-08T16:57:28.393Z] [worker-us-central1-places-ba21435e-7340-4338-9887-51baa0a50bdd]: Assigning socketPath: /tmp/fire_emu_12091.sock {"metadata":{"emulator":{"name":"functions"},"message":"[worker-us-central1-places-ba21435e-7340-4338-9887-51baa0a50bdd]: Assigning socketPath: /tmp/fire_emu_12091.sock"}}
[debug] [2021-12-08T16:57:28.393Z] [worker-us-central1-places-ba21435e-7340-4338-9887-51baa0a50bdd]: BUSY {"metadata":{"emulator":{"name":"functions"},"message":"[worker-us-central1-places-ba21435e-7340-4338-9887-51baa0a50bdd]: BUSY"}}
[debug] [2021-12-08T16:57:28.606Z] [runtime-status] [12091] Functions runtime initialized. {"cwd":"/home/fathi/MealsToGo/functions","node_version":"16.13.0"} {"metadata":{"emulator":{"name":"functions"},"function":{"name":"us-central1-places"},"message":"[runtime-status] [12091] Functions runtime initialized. {\"cwd\":\"/home/fathi/MealsToGo/functions\",\"node_version\":\"16.13.0\"}"}}
[debug] [2021-12-08T16:57:28.610Z] [runtime-status] [12091] Disabled runtime features: undefined {"metadata":{"emulator":{"name":"functions"},"function":{"name":"us-central1-places"},"message":"[runtime-status] [12091] Disabled runtime features: undefined"}}
[debug] [2021-12-08T16:57:28.613Z] [runtime-status] [12091] Resolved module firebase-admin {"declared":true,"installed":true,"version":"9.12.0","resolution":"/home/fathi/MealsToGo/functions/node_modules/firebase-admin/lib/index.js"} {"metadata":{"emulator":{"name":"functions"},"function":{"name":"us-central1-places"},"message":"[runtime-status] [12091] Resolved module firebase-admin {\"declared\":true,\"installed\":true,\"version\":\"9.12.0\",\"resolution\":\"/home/fathi/MealsToGo/functions/node_modules/firebase-admin/lib/index.js\"}"}}
[debug] [2021-12-08T16:57:28.619Z] [runtime-status] [12091] Resolved module firebase-functions {"declared":true,"installed":true,"version":"3.16.0","resolution":"/home/fathi/MealsToGo/functions/node_modules/firebase-functions/lib/index.js"} {"metadata":{"emulator":{"name":"functions"},"function":{"name":"us-central1-places"},"message":"[runtime-status] [12091] Resolved module firebase-functions {\"declared\":true,\"installed\":true,\"version\":\"3.16.0\",\"resolution\":\"/home/fathi/MealsToGo/functions/node_modules/firebase-functions/lib/index.js\"}"}}
[debug] [2021-12-08T16:57:28.623Z] [runtime-status] [12091] Outgoing network have been stubbed. [{"name":"http","status":"mocked"},{"name":"http","status":"mocked"},{"name":"https","status":"mocked"},{"name":"https","status":"mocked"},{"name":"net","status":"mocked"}] {"metadata":{"emulator":{"name":"functions"},"function":{"name":"us-central1-places"},"message":"[runtime-status] [12091] Outgoing network have been stubbed. [{\"name\":\"http\",\"status\":\"mocked\"},{\"name\":\"http\",\"status\":\"mocked\"},{\"name\":\"https\",\"status\":\"mocked\"},{\"name\":\"https\",\"status\":\"mocked\"},{\"name\":\"net\",\"status\":\"mocked\"}]"}}
[debug] [2021-12-08T16:57:28.626Z] [runtime-status] [12091] Resolved module firebase-functions {"declared":true,"installed":true,"version":"3.16.0","resolution":"/home/fathi/MealsToGo/functions/node_modules/firebase-functions/lib/index.js"} {"metadata":{"emulator":{"name":"functions"},"function":{"name":"us-central1-places"},"message":"[runtime-status] [12091] Resolved module firebase-functions {\"declared\":true,\"installed\":true,\"version\":\"3.16.0\",\"resolution\":\"/home/fathi/MealsToGo/functions/node_modules/firebase-functions/lib/index.js\"}"}}
[debug] [2021-12-08T16:57:28.684Z] [runtime-status] [12091] Checked functions.config() {"config":{}} {"metadata":{"emulator":{"name":"functions"},"function":{"name":"us-central1-places"},"message":"[runtime-status] [12091] Checked functions.config() {\"config\":{}}"}}
[debug] [2021-12-08T16:57:28.685Z] [runtime-status] [12091] firebase-functions has been stubbed. {"functionsResolution":{"declared":true,"installed":true,"version":"3.16.0","resolution":"/home/fathi/MealsToGo/functions/node_modules/firebase-functions/lib/index.js"}} {"metadata":{"emulator":{"name":"functions"},"function":{"name":"us-central1-places"},"message":"[runtime-status] [12091] firebase-functions has been stubbed. {\"functionsResolution\":{\"declared\":true,\"installed\":true,\"version\":\"3.16.0\",\"resolution\":\"/home/fathi/MealsToGo/functions/node_modules/firebase-functions/lib/index.js\"}}"}}
[debug] [2021-12-08T16:57:28.688Z] [runtime-status] [12091] Resolved module firebase-functions {"declared":true,"installed":true,"version":"3.16.0","resolution":"/home/fathi/MealsToGo/functions/node_modules/firebase-functions/lib/index.js"} {"metadata":{"emulator":{"name":"functions"},"function":{"name":"us-central1-places"},"message":"[runtime-status] [12091] Resolved module firebase-functions {\"declared\":true,\"installed\":true,\"version\":\"3.16.0\",\"resolution\":\"/home/fathi/MealsToGo/functions/node_modules/firebase-functions/lib/index.js\"}"}}
[debug] [2021-12-08T16:57:28.690Z] [runtime-status] [12091] Resolved module firebase-admin {"declared":true,"installed":true,"version":"9.12.0","resolution":"/home/fathi/MealsToGo/functions/node_modules/firebase-admin/lib/index.js"} {"metadata":{"emulator":{"name":"functions"},"function":{"name":"us-central1-places"},"message":"[runtime-status] [12091] Resolved module firebase-admin {\"declared\":true,\"installed\":true,\"version\":\"9.12.0\",\"resolution\":\"/home/fathi/MealsToGo/functions/node_modules/firebase-admin/lib/index.js\"}"}}
[debug] [2021-12-08T16:57:28.694Z] [runtime-status] [12091] Resolved module firebase-functions {"declared":true,"installed":true,"version":"3.16.0","resolution":"/home/fathi/MealsToGo/functions/node_modules/firebase-functions/lib/index.js"} {"metadata":{"emulator":{"name":"functions"},"function":{"name":"us-central1-places"},"message":"[runtime-status] [12091] Resolved module firebase-functions {\"declared\":true,\"installed\":true,\"version\":\"3.16.0\",\"resolution\":\"/home/fathi/MealsToGo/functions/node_modules/firebase-functions/lib/index.js\"}"}}
[debug] [2021-12-08T16:57:28.695Z] [runtime-status] [12091] firebase-admin has been stubbed. {"adminResolution":{"declared":true,"installed":true,"version":"9.12.0","resolution":"/home/fathi/MealsToGo/functions/node_modules/firebase-admin/lib/index.js"}} {"metadata":{"emulator":{"name":"functions"},"function":{"name":"us-central1-places"},"message":"[runtime-status] [12091] firebase-admin has been stubbed. {\"adminResolution\":{\"declared\":true,\"installed\":true,\"version\":\"9.12.0\",\"resolution\":\"/home/fathi/MealsToGo/functions/node_modules/firebase-admin/lib/index.js\"}}"}}
[debug] [2021-12-08T16:57:28.707Z] [runtime-status] [12091] Trigger "us-central1-places" has been found, beginning invocation! {"metadata":{"emulator":{"name":"functions"},"function":{"name":"us-central1-places"},"message":"[runtime-status] [12091] Trigger \"us-central1-places\" has been found, beginning invocation!"}}
[info] i  functions: Beginning execution of "us-central1-places" {"metadata":{"emulator":{"name":"functions"},"function":{"name":"us-central1-places"},"message":"Beginning execution of \"us-central1-places\""}}
[debug] [2021-12-08T16:57:28.709Z] [runtime-status] [12091] triggerDefinition {"httpsTrigger":{},"name":"places","entryPoint":"places","regions":["us-central1"],"region":"us-central1","id":"us-central1-places"} {"metadata":{"emulator":{"name":"functions"},"function":{"name":"us-central1-places"},"message":"[runtime-status] [12091] triggerDefinition {\"httpsTrigger\":{},\"name\":\"places\",\"entryPoint\":\"places\",\"regions\":[\"us-central1\"],\"region\":\"us-central1\",\"id\":\"us-central1-places\"}"}}
[debug] [2021-12-08T16:57:28.710Z] [runtime-status] [12091] Running us-central1-places in signature http {"metadata":{"emulator":{"name":"functions"},"function":{"name":"us-central1-places"},"message":"[runtime-status] [12091] Running us-central1-places in signature http"}}
[debug] [2021-12-08T16:57:28.718Z] [runtime-status] [12091] Attempting to listen to socketPath: /tmp/fire_emu_12091.sock {"metadata":{"emulator":{"name":"functions"},"function":{"name":"us-central1-places"},"message":"[runtime-status] [12091] Attempting to listen to socketPath: /tmp/fire_emu_12091.sock"}}
[debug] [2021-12-08T16:57:28.756Z] [functions] Runtime ready! Sending request! {"metadata":{"emulator":{"name":"functions"},"message":"[functions] Runtime ready! Sending request!"}}
[debug] [2021-12-08T16:57:28.758Z] [functions] Got req.url=/mealstogo-78c2c/us-central1/places?location=37.7749295,-122.4194155, mapping to path=/?location=37.7749295,-122.4194155 {"metadata":{"emulator":{"name":"functions"},"message":"[functions] Got req.url=/mealstogo-78c2c/us-central1/places?location=37.7749295,-122.4194155, mapping to path=/?location=37.7749295,-122.4194155"}}
[debug] [2021-12-08T16:57:28.774Z] [runtime-status] [12091] Ephemeral server handling GET request {"metadata":{"emulator":{"name":"functions"},"function":{"name":"us-central1-places"},"message":"[runtime-status] [12091] Ephemeral server handling GET request"}}
[debug] [2021-12-08T16:57:28.789Z] [runtime-status] [12091] Ephemeral server survived. {"metadata":{"emulator":{"name":"functions"},"function":{"name":"us-central1-places"},"message":"[runtime-status] [12091] Ephemeral server survived."}}
[info] i  functions: Finished "us-central1-places" in ~1s {"metadata":{"emulator":{"name":"functions"},"function":{"name":"us-central1-places"},"message":"Finished \"us-central1-places\" in ~1s"}}
[debug] [2021-12-08T16:57:28.795Z] [worker-us-central1-places-ba21435e-7340-4338-9887-51baa0a50bdd]: IDLE {"metadata":{"emulator":{"name":"functions"},"message":"[worker-us-central1-places-ba21435e-7340-4338-9887-51baa0a50bdd]: IDLE"}}
[debug] [2021-12-08T16:57:28.795Z] [work-queue] {"queueLength":0,"workRunningCount":0}
